debug: Sun, 15 May 2022 06:43:36 GMT
debug: Project: /Users/mason/Play1
debug: Targets: editor,preview
debug: Packer deriver version file lost or format incorrect: Error: ENOENT: no such file or directory, open '/Users/mason/Play1/temp/programming/packer-driver/VERSION'
debug: Clearing out the targets...
debug: Engine path: /Applications/CocosCreator/Creator/3.5.0/CocosCreator.app/Contents/Resources/resources/3d/engine
debug: Initializing target [Editor]
debug: Loading cache
debug: Record file loaded failed with error: Error: ENOENT: no such file or directory, open '/Users/mason/Play1/temp/programming/packer-driver/targets/editor/main-record.json'
debug: Loading cache costs 0.3158748149871826ms.
debug: Engine features shipped in editor: base,gfx-webgl,gfx-webgl2,3d,animation,skeletal-animation,2d,ui,particle,particle-2d,physics-framework,physics-2d-framework,intersection-2d,primitive,profiler,audio,video,terrain,webview,tween,tiled-map,spine,dragon-bones,marionette
debug: Initializing target [Preview]
debug: Loading cache
debug: Record file loaded failed with error: Error: ENOENT: no such file or directory, open '/Users/mason/Play1/temp/programming/packer-driver/targets/preview/main-record.json'
debug: Loading cache costs 0.1771249771118164ms.
debug: Sync engine features: 2d,animation,audio,base,dragon-bones,gfx-webgl,gfx-webgl2,intersection-2d,marionette,particle-2d,physics-2d-box2d,profiler,skeletal-animation,spine,tiled-map,tween,ui,video,webview
debug: Pulling asset-db.
debug: Fetch asset-db cost: 9.776875019073486ms.
debug: Build iteration starts.
Number of accumulated asset changes: 0
Feature changed: false
debug: Target(editor) build started.
debug: Inspect cce:/internal/x/cc
debug: Resolve cce:/internal/x/cc-fu/base from cce:/internal/x/cc as external dependency cce:/internal/x/cc-fu/base.
debug: Resolve cce:/internal/x/cc-fu/gfx-webgl from cce:/internal/x/cc as external dependency cce:/internal/x/cc-fu/gfx-webgl.
debug: Resolve cce:/internal/x/cc-fu/gfx-webgl2 from cce:/internal/x/cc as external dependency cce:/internal/x/cc-fu/gfx-webgl2.
debug: Resolve cce:/internal/x/cc-fu/3d from cce:/internal/x/cc as external dependency cce:/internal/x/cc-fu/3d.
debug: Resolve cce:/internal/x/cc-fu/animation from cce:/internal/x/cc as external dependency cce:/internal/x/cc-fu/animation.
debug: Resolve cce:/internal/x/cc-fu/skeletal-animation from cce:/internal/x/cc as external dependency cce:/internal/x/cc-fu/skeletal-animation.
debug: Resolve cce:/internal/x/cc-fu/2d from cce:/internal/x/cc as external dependency cce:/internal/x/cc-fu/2d.
debug: Resolve cce:/internal/x/cc-fu/ui from cce:/internal/x/cc as external dependency cce:/internal/x/cc-fu/ui.
debug: Resolve cce:/internal/x/cc-fu/particle from cce:/internal/x/cc as external dependency cce:/internal/x/cc-fu/particle.
debug: Resolve cce:/internal/x/cc-fu/particle-2d from cce:/internal/x/cc as external dependency cce:/internal/x/cc-fu/particle-2d.
debug: Resolve cce:/internal/x/cc-fu/physics-framework from cce:/internal/x/cc as external dependency cce:/internal/x/cc-fu/physics-framework.
debug: Resolve cce:/internal/x/cc-fu/physics-2d-framework from cce:/internal/x/cc as external dependency cce:/internal/x/cc-fu/physics-2d-framework.
debug: Resolve cce:/internal/x/cc-fu/intersection-2d from cce:/internal/x/cc as external dependency cce:/internal/x/cc-fu/intersection-2d.
debug: Resolve cce:/internal/x/cc-fu/primitive from cce:/internal/x/cc as external dependency cce:/internal/x/cc-fu/primitive.
debug: Resolve cce:/internal/x/cc-fu/profiler from cce:/internal/x/cc as external dependency cce:/internal/x/cc-fu/profiler.
debug: Resolve cce:/internal/x/cc-fu/audio from cce:/internal/x/cc as external dependency cce:/internal/x/cc-fu/audio.
debug: Resolve cce:/internal/x/cc-fu/video from cce:/internal/x/cc as external dependency cce:/internal/x/cc-fu/video.
debug: Resolve cce:/internal/x/cc-fu/terrain from cce:/internal/x/cc as external dependency cce:/internal/x/cc-fu/terrain.
debug: Resolve cce:/internal/x/cc-fu/webview from cce:/internal/x/cc as external dependency cce:/internal/x/cc-fu/webview.
debug: Resolve cce:/internal/x/cc-fu/tween from cce:/internal/x/cc as external dependency cce:/internal/x/cc-fu/tween.
debug: Resolve cce:/internal/x/cc-fu/tiled-map from cce:/internal/x/cc as external dependency cce:/internal/x/cc-fu/tiled-map.
debug: Resolve cce:/internal/x/cc-fu/spine from cce:/internal/x/cc as external dependency cce:/internal/x/cc-fu/spine.
debug: Resolve cce:/internal/x/cc-fu/dragon-bones from cce:/internal/x/cc as external dependency cce:/internal/x/cc-fu/dragon-bones.
debug: Inspect cce:/internal/x/prerequisite-imports
debug: Target(editor) ends with cost 81.02699995040894ms.
debug: Target(preview) build started.
debug: Inspect cce:/internal/x/cc
debug: Resolve cce:/internal/x/cc-fu/2d from cce:/internal/x/cc as external dependency cce:/internal/x/cc-fu/2d.
debug: Resolve cce:/internal/x/cc-fu/animation from cce:/internal/x/cc as external dependency cce:/internal/x/cc-fu/animation.
debug: Resolve cce:/internal/x/cc-fu/audio from cce:/internal/x/cc as external dependency cce:/internal/x/cc-fu/audio.
debug: Resolve cce:/internal/x/cc-fu/base from cce:/internal/x/cc as external dependency cce:/internal/x/cc-fu/base.
debug: Resolve cce:/internal/x/cc-fu/dragon-bones from cce:/internal/x/cc as external dependency cce:/internal/x/cc-fu/dragon-bones.
debug: Resolve cce:/internal/x/cc-fu/gfx-webgl from cce:/internal/x/cc as external dependency cce:/internal/x/cc-fu/gfx-webgl.
debug: Resolve cce:/internal/x/cc-fu/gfx-webgl2 from cce:/internal/x/cc as external dependency cce:/internal/x/cc-fu/gfx-webgl2.
debug: Resolve cce:/internal/x/cc-fu/intersection-2d from cce:/internal/x/cc as external dependency cce:/internal/x/cc-fu/intersection-2d.
debug: Resolve cce:/internal/x/cc-fu/particle-2d from cce:/internal/x/cc as external dependency cce:/internal/x/cc-fu/particle-2d.
debug: Resolve cce:/internal/x/cc-fu/physics-2d-box2d from cce:/internal/x/cc as external dependency cce:/internal/x/cc-fu/physics-2d-box2d.
debug: Resolve cce:/internal/x/cc-fu/physics-2d-framework from cce:/internal/x/cc as external dependency cce:/internal/x/cc-fu/physics-2d-framework.
debug: Resolve cce:/internal/x/cc-fu/profiler from cce:/internal/x/cc as external dependency cce:/internal/x/cc-fu/profiler.
debug: Resolve cce:/internal/x/cc-fu/skeletal-animation from cce:/internal/x/cc as external dependency cce:/internal/x/cc-fu/skeletal-animation.
debug: Resolve cce:/internal/x/cc-fu/spine from cce:/internal/x/cc as external dependency cce:/internal/x/cc-fu/spine.
debug: Resolve cce:/internal/x/cc-fu/tiled-map from cce:/internal/x/cc as external dependency cce:/internal/x/cc-fu/tiled-map.
debug: Resolve cce:/internal/x/cc-fu/tween from cce:/internal/x/cc as external dependency cce:/internal/x/cc-fu/tween.
debug: Resolve cce:/internal/x/cc-fu/ui from cce:/internal/x/cc as external dependency cce:/internal/x/cc-fu/ui.
debug: Resolve cce:/internal/x/cc-fu/video from cce:/internal/x/cc as external dependency cce:/internal/x/cc-fu/video.
debug: Resolve cce:/internal/x/cc-fu/webview from cce:/internal/x/cc as external dependency cce:/internal/x/cc-fu/webview.
debug: Inspect cce:/internal/x/prerequisite-imports
debug: Target(preview) ends with cost 30.08287501335144ms.
debug: Dispatch build request for time accumulated 1 asset changes.
debug: Build iteration starts.
Number of accumulated asset changes: 1
Feature changed: false
debug: Target(editor) build started.
debug: Detected change: cce:/internal/x/prerequisite-imports. Last mtime: Thu Jan 01 1970 07:00:06 GMT+0700 (Indochina Time), Current mtime: Thu Jan 01 1970 09:05:11 GMT+0700 (Indochina Time)
debug: Inspect cce:/internal/x/prerequisite-imports
debug: Resolve file:///Users/mason/Play1/assets/scripts/movement.ts from cce:/internal/x/prerequisite-imports as file:///Users/mason/Play1/assets/scripts/movement.ts.
debug: Inspect file:///Users/mason/Play1/assets/scripts/movement.ts
debug: Resolve cc from file:///Users/mason/Play1/assets/scripts/movement.ts as cce:/internal/x/cc.
debug: Resolve cc from file:///Users/mason/Play1/assets/scripts/movement.ts as cce:/internal/x/cc.
debug: Target(editor) ends with cost 193.4064998626709ms.
debug: Target(preview) build started.
debug: Detected change: cce:/internal/x/prerequisite-imports. Last mtime: Thu Jan 01 1970 07:00:06 GMT+0700 (Indochina Time), Current mtime: Thu Jan 01 1970 09:05:11 GMT+0700 (Indochina Time)
debug: Inspect cce:/internal/x/prerequisite-imports
debug: Resolve file:///Users/mason/Play1/assets/scripts/movement.ts from cce:/internal/x/prerequisite-imports as file:///Users/mason/Play1/assets/scripts/movement.ts.
debug: Inspect file:///Users/mason/Play1/assets/scripts/movement.ts
debug: Resolve cc from file:///Users/mason/Play1/assets/scripts/movement.ts as cce:/internal/x/cc.
debug: Resolve cc from file:///Users/mason/Play1/assets/scripts/movement.ts as cce:/internal/x/cc.
debug: Target(preview) ends with cost 122.57949995994568ms.
debug: Dispatch build request for time accumulated 1 asset changes.
debug: Build iteration starts.
Number of accumulated asset changes: 1
Feature changed: false
debug: Target(editor) build started.
debug: Detected change: cce:/internal/x/prerequisite-imports. Last mtime: Thu Jan 01 1970 09:05:11 GMT+0700 (Indochina Time), Current mtime: Thu Jan 01 1970 09:12:17 GMT+0700 (Indochina Time)
debug: Inspect cce:/internal/x/prerequisite-imports
debug: Resolve file:///Users/mason/Play1/assets/scripts/movement.ts from cce:/internal/x/prerequisite-imports as file:///Users/mason/Play1/assets/scripts/movement.ts.
debug: Detected change: file:///Users/mason/Play1/assets/scripts/movement.ts. Last mtime: Sun May 15 2022 15:48:41 GMT+0700 (Indochina Time)@aaf9b2f7-f081-4001-8bb7-20056bb8a38c, Current mtime: Sun May 15 2022 15:55:43 GMT+0700 (Indochina Time)@aaf9b2f7-f081-4001-8bb7-20056bb8a38c
debug: Inspect file:///Users/mason/Play1/assets/scripts/movement.ts
debug: Resolve cc from file:///Users/mason/Play1/assets/scripts/movement.ts as cce:/internal/x/cc.
debug: Resolve cc from file:///Users/mason/Play1/assets/scripts/movement.ts as cce:/internal/x/cc.
debug: Target(editor) ends with cost 137.82225012779236ms.
debug: Target(preview) build started.
debug: Detected change: cce:/internal/x/prerequisite-imports. Last mtime: Thu Jan 01 1970 09:05:11 GMT+0700 (Indochina Time), Current mtime: Thu Jan 01 1970 09:12:17 GMT+0700 (Indochina Time)
debug: Inspect cce:/internal/x/prerequisite-imports
debug: Resolve file:///Users/mason/Play1/assets/scripts/movement.ts from cce:/internal/x/prerequisite-imports as file:///Users/mason/Play1/assets/scripts/movement.ts.
debug: Detected change: file:///Users/mason/Play1/assets/scripts/movement.ts. Last mtime: Sun May 15 2022 15:48:41 GMT+0700 (Indochina Time)@aaf9b2f7-f081-4001-8bb7-20056bb8a38c, Current mtime: Sun May 15 2022 15:55:43 GMT+0700 (Indochina Time)@aaf9b2f7-f081-4001-8bb7-20056bb8a38c
debug: Inspect file:///Users/mason/Play1/assets/scripts/movement.ts
debug: Resolve cc from file:///Users/mason/Play1/assets/scripts/movement.ts as cce:/internal/x/cc.
debug: Resolve cc from file:///Users/mason/Play1/assets/scripts/movement.ts as cce:/internal/x/cc.
debug: Target(preview) ends with cost 70.17649984359741ms.
debug: Dispatch build request for time accumulated 1 asset changes.
debug: Build iteration starts.
Number of accumulated asset changes: 1
Feature changed: false
debug: Target(editor) build started.
debug: Detected change: cce:/internal/x/prerequisite-imports. Last mtime: Thu Jan 01 1970 09:12:17 GMT+0700 (Indochina Time), Current mtime: Thu Jan 01 1970 09:14:20 GMT+0700 (Indochina Time)
debug: Inspect cce:/internal/x/prerequisite-imports
debug: Resolve file:///Users/mason/Play1/assets/scripts/movement.ts from cce:/internal/x/prerequisite-imports as file:///Users/mason/Play1/assets/scripts/movement.ts.
debug: Detected change: file:///Users/mason/Play1/assets/scripts/movement.ts. Last mtime: Sun May 15 2022 15:55:43 GMT+0700 (Indochina Time)@aaf9b2f7-f081-4001-8bb7-20056bb8a38c, Current mtime: Sun May 15 2022 15:57:49 GMT+0700 (Indochina Time)@aaf9b2f7-f081-4001-8bb7-20056bb8a38c
debug: Inspect file:///Users/mason/Play1/assets/scripts/movement.ts
debug: Resolve cc from file:///Users/mason/Play1/assets/scripts/movement.ts as cce:/internal/x/cc.
debug: Resolve cc from file:///Users/mason/Play1/assets/scripts/movement.ts as cce:/internal/x/cc.
debug: Target(editor) ends with cost 115.88537502288818ms.
debug: Target(preview) build started.
debug: Detected change: cce:/internal/x/prerequisite-imports. Last mtime: Thu Jan 01 1970 09:12:17 GMT+0700 (Indochina Time), Current mtime: Thu Jan 01 1970 09:14:20 GMT+0700 (Indochina Time)
debug: Inspect cce:/internal/x/prerequisite-imports
debug: Resolve file:///Users/mason/Play1/assets/scripts/movement.ts from cce:/internal/x/prerequisite-imports as file:///Users/mason/Play1/assets/scripts/movement.ts.
debug: Detected change: file:///Users/mason/Play1/assets/scripts/movement.ts. Last mtime: Sun May 15 2022 15:55:43 GMT+0700 (Indochina Time)@aaf9b2f7-f081-4001-8bb7-20056bb8a38c, Current mtime: Sun May 15 2022 15:57:49 GMT+0700 (Indochina Time)@aaf9b2f7-f081-4001-8bb7-20056bb8a38c
debug: Inspect file:///Users/mason/Play1/assets/scripts/movement.ts
debug: Resolve cc from file:///Users/mason/Play1/assets/scripts/movement.ts as cce:/internal/x/cc.
debug: Resolve cc from file:///Users/mason/Play1/assets/scripts/movement.ts as cce:/internal/x/cc.
debug: Target(preview) ends with cost 65.42558407783508ms.
debug: Dispatch build request for time accumulated 1 asset changes.
debug: Build iteration starts.
Number of accumulated asset changes: 1
Feature changed: false
debug: Target(editor) build started.
debug: Detected change: cce:/internal/x/prerequisite-imports. Last mtime: Thu Jan 01 1970 09:14:20 GMT+0700 (Indochina Time), Current mtime: Thu Jan 01 1970 09:15:09 GMT+0700 (Indochina Time)
debug: Inspect cce:/internal/x/prerequisite-imports
debug: Resolve file:///Users/mason/Play1/assets/scripts/movement.ts from cce:/internal/x/prerequisite-imports as file:///Users/mason/Play1/assets/scripts/movement.ts.
debug: Detected change: file:///Users/mason/Play1/assets/scripts/movement.ts. Last mtime: Sun May 15 2022 15:57:49 GMT+0700 (Indochina Time)@aaf9b2f7-f081-4001-8bb7-20056bb8a38c, Current mtime: Sun May 15 2022 15:58:37 GMT+0700 (Indochina Time)@aaf9b2f7-f081-4001-8bb7-20056bb8a38c
debug: Inspect file:///Users/mason/Play1/assets/scripts/movement.ts
debug: Resolve cc from file:///Users/mason/Play1/assets/scripts/movement.ts as cce:/internal/x/cc.
debug: Resolve cc from file:///Users/mason/Play1/assets/scripts/movement.ts as cce:/internal/x/cc.
debug: Target(editor) ends with cost 40.53220820426941ms.
debug: Target(preview) build started.
debug: Detected change: cce:/internal/x/prerequisite-imports. Last mtime: Thu Jan 01 1970 09:14:20 GMT+0700 (Indochina Time), Current mtime: Thu Jan 01 1970 09:15:09 GMT+0700 (Indochina Time)
debug: Inspect cce:/internal/x/prerequisite-imports
debug: Resolve file:///Users/mason/Play1/assets/scripts/movement.ts from cce:/internal/x/prerequisite-imports as file:///Users/mason/Play1/assets/scripts/movement.ts.
debug: Detected change: file:///Users/mason/Play1/assets/scripts/movement.ts. Last mtime: Sun May 15 2022 15:57:49 GMT+0700 (Indochina Time)@aaf9b2f7-f081-4001-8bb7-20056bb8a38c, Current mtime: Sun May 15 2022 15:58:37 GMT+0700 (Indochina Time)@aaf9b2f7-f081-4001-8bb7-20056bb8a38c
debug: Inspect file:///Users/mason/Play1/assets/scripts/movement.ts
debug: Resolve cc from file:///Users/mason/Play1/assets/scripts/movement.ts as cce:/internal/x/cc.
debug: Resolve cc from file:///Users/mason/Play1/assets/scripts/movement.ts as cce:/internal/x/cc.
debug: Target(preview) ends with cost 58.95087480545044ms.
debug: Dispatch build request for time accumulated 1 asset changes.
debug: Build iteration starts.
Number of accumulated asset changes: 1
Feature changed: false
debug: Target(editor) build started.
debug: Detected change: cce:/internal/x/prerequisite-imports. Last mtime: Thu Jan 01 1970 09:15:09 GMT+0700 (Indochina Time), Current mtime: Thu Jan 01 1970 09:15:38 GMT+0700 (Indochina Time)
debug: Inspect cce:/internal/x/prerequisite-imports
debug: Resolve file:///Users/mason/Play1/assets/scripts/movement.ts from cce:/internal/x/prerequisite-imports as file:///Users/mason/Play1/assets/scripts/movement.ts.
debug: Detected change: file:///Users/mason/Play1/assets/scripts/movement.ts. Last mtime: Sun May 15 2022 15:58:37 GMT+0700 (Indochina Time)@aaf9b2f7-f081-4001-8bb7-20056bb8a38c, Current mtime: Sun May 15 2022 15:59:06 GMT+0700 (Indochina Time)@aaf9b2f7-f081-4001-8bb7-20056bb8a38c
debug: Inspect file:///Users/mason/Play1/assets/scripts/movement.ts
debug: Resolve cc from file:///Users/mason/Play1/assets/scripts/movement.ts as cce:/internal/x/cc.
debug: Resolve cc from file:///Users/mason/Play1/assets/scripts/movement.ts as cce:/internal/x/cc.
debug: Target(editor) ends with cost 36.06937503814697ms.
debug: Target(preview) build started.
debug: Detected change: cce:/internal/x/prerequisite-imports. Last mtime: Thu Jan 01 1970 09:15:09 GMT+0700 (Indochina Time), Current mtime: Thu Jan 01 1970 09:15:38 GMT+0700 (Indochina Time)
debug: Inspect cce:/internal/x/prerequisite-imports
debug: Resolve file:///Users/mason/Play1/assets/scripts/movement.ts from cce:/internal/x/prerequisite-imports as file:///Users/mason/Play1/assets/scripts/movement.ts.
debug: Detected change: file:///Users/mason/Play1/assets/scripts/movement.ts. Last mtime: Sun May 15 2022 15:58:37 GMT+0700 (Indochina Time)@aaf9b2f7-f081-4001-8bb7-20056bb8a38c, Current mtime: Sun May 15 2022 15:59:06 GMT+0700 (Indochina Time)@aaf9b2f7-f081-4001-8bb7-20056bb8a38c
debug: Inspect file:///Users/mason/Play1/assets/scripts/movement.ts
debug: Resolve cc from file:///Users/mason/Play1/assets/scripts/movement.ts as cce:/internal/x/cc.
debug: Resolve cc from file:///Users/mason/Play1/assets/scripts/movement.ts as cce:/internal/x/cc.
debug: Target(preview) ends with cost 46.76254105567932ms.
debug: Dispatch build request for time accumulated 1 asset changes.
debug: Build iteration starts.
Number of accumulated asset changes: 1
Feature changed: false
debug: Target(editor) build started.
debug: Detected change: cce:/internal/x/prerequisite-imports. Last mtime: Thu Jan 01 1970 09:15:38 GMT+0700 (Indochina Time), Current mtime: Thu Jan 01 1970 09:15:55 GMT+0700 (Indochina Time)
debug: Inspect cce:/internal/x/prerequisite-imports
debug: Resolve file:///Users/mason/Play1/assets/scripts/movement.ts from cce:/internal/x/prerequisite-imports as file:///Users/mason/Play1/assets/scripts/movement.ts.
debug: Detected change: file:///Users/mason/Play1/assets/scripts/movement.ts. Last mtime: Sun May 15 2022 15:59:06 GMT+0700 (Indochina Time)@aaf9b2f7-f081-4001-8bb7-20056bb8a38c, Current mtime: Sun May 15 2022 15:59:24 GMT+0700 (Indochina Time)@aaf9b2f7-f081-4001-8bb7-20056bb8a38c
debug: Inspect file:///Users/mason/Play1/assets/scripts/movement.ts
debug: Resolve cc from file:///Users/mason/Play1/assets/scripts/movement.ts as cce:/internal/x/cc.
debug: Resolve cc from file:///Users/mason/Play1/assets/scripts/movement.ts as cce:/internal/x/cc.
debug: Target(editor) ends with cost 74.73283314704895ms.
debug: Target(preview) build started.
debug: Detected change: cce:/internal/x/prerequisite-imports. Last mtime: Thu Jan 01 1970 09:15:38 GMT+0700 (Indochina Time), Current mtime: Thu Jan 01 1970 09:15:55 GMT+0700 (Indochina Time)
debug: Inspect cce:/internal/x/prerequisite-imports
debug: Resolve file:///Users/mason/Play1/assets/scripts/movement.ts from cce:/internal/x/prerequisite-imports as file:///Users/mason/Play1/assets/scripts/movement.ts.
debug: Detected change: file:///Users/mason/Play1/assets/scripts/movement.ts. Last mtime: Sun May 15 2022 15:59:06 GMT+0700 (Indochina Time)@aaf9b2f7-f081-4001-8bb7-20056bb8a38c, Current mtime: Sun May 15 2022 15:59:24 GMT+0700 (Indochina Time)@aaf9b2f7-f081-4001-8bb7-20056bb8a38c
debug: Inspect file:///Users/mason/Play1/assets/scripts/movement.ts
debug: Resolve cc from file:///Users/mason/Play1/assets/scripts/movement.ts as cce:/internal/x/cc.
debug: Resolve cc from file:///Users/mason/Play1/assets/scripts/movement.ts as cce:/internal/x/cc.
debug: Target(preview) ends with cost 206.89687514305115ms.
debug: Dispatch build request for time accumulated 1 asset changes.
debug: Build iteration starts.
Number of accumulated asset changes: 1
Feature changed: false
debug: Target(editor) build started.
debug: Detected change: cce:/internal/x/prerequisite-imports. Last mtime: Thu Jan 01 1970 09:15:55 GMT+0700 (Indochina Time), Current mtime: Thu Jan 01 1970 09:16:17 GMT+0700 (Indochina Time)
debug: Inspect cce:/internal/x/prerequisite-imports
debug: Resolve file:///Users/mason/Play1/assets/scripts/movement.ts from cce:/internal/x/prerequisite-imports as file:///Users/mason/Play1/assets/scripts/movement.ts.
debug: Detected change: file:///Users/mason/Play1/assets/scripts/movement.ts. Last mtime: Sun May 15 2022 15:59:24 GMT+0700 (Indochina Time)@aaf9b2f7-f081-4001-8bb7-20056bb8a38c, Current mtime: Sun May 15 2022 15:59:46 GMT+0700 (Indochina Time)@aaf9b2f7-f081-4001-8bb7-20056bb8a38c
debug: Inspect file:///Users/mason/Play1/assets/scripts/movement.ts
debug: Resolve cc from file:///Users/mason/Play1/assets/scripts/movement.ts as cce:/internal/x/cc.
debug: Resolve cc from file:///Users/mason/Play1/assets/scripts/movement.ts as cce:/internal/x/cc.
debug: Target(editor) ends with cost 39.01062512397766ms.
debug: Target(preview) build started.
debug: Detected change: cce:/internal/x/prerequisite-imports. Last mtime: Thu Jan 01 1970 09:15:55 GMT+0700 (Indochina Time), Current mtime: Thu Jan 01 1970 09:16:17 GMT+0700 (Indochina Time)
debug: Inspect cce:/internal/x/prerequisite-imports
debug: Resolve file:///Users/mason/Play1/assets/scripts/movement.ts from cce:/internal/x/prerequisite-imports as file:///Users/mason/Play1/assets/scripts/movement.ts.
debug: Detected change: file:///Users/mason/Play1/assets/scripts/movement.ts. Last mtime: Sun May 15 2022 15:59:24 GMT+0700 (Indochina Time)@aaf9b2f7-f081-4001-8bb7-20056bb8a38c, Current mtime: Sun May 15 2022 15:59:46 GMT+0700 (Indochina Time)@aaf9b2f7-f081-4001-8bb7-20056bb8a38c
debug: Inspect file:///Users/mason/Play1/assets/scripts/movement.ts
debug: Resolve cc from file:///Users/mason/Play1/assets/scripts/movement.ts as cce:/internal/x/cc.
debug: Resolve cc from file:///Users/mason/Play1/assets/scripts/movement.ts as cce:/internal/x/cc.
debug: Target(preview) ends with cost 34.25712490081787ms.
debug: Dispatch build request for time accumulated 1 asset changes.
debug: Build iteration starts.
Number of accumulated asset changes: 1
Feature changed: false
debug: Target(editor) build started.
debug: Detected change: cce:/internal/x/prerequisite-imports. Last mtime: Thu Jan 01 1970 09:16:17 GMT+0700 (Indochina Time), Current mtime: Thu Jan 01 1970 09:17:37 GMT+0700 (Indochina Time)
debug: Inspect cce:/internal/x/prerequisite-imports
debug: Resolve file:///Users/mason/Play1/assets/scripts/movement.ts from cce:/internal/x/prerequisite-imports as file:///Users/mason/Play1/assets/scripts/movement.ts.
debug: Detected change: file:///Users/mason/Play1/assets/scripts/movement.ts. Last mtime: Sun May 15 2022 15:59:46 GMT+0700 (Indochina Time)@aaf9b2f7-f081-4001-8bb7-20056bb8a38c, Current mtime: Sun May 15 2022 16:01:06 GMT+0700 (Indochina Time)@aaf9b2f7-f081-4001-8bb7-20056bb8a38c
debug: Inspect file:///Users/mason/Play1/assets/scripts/movement.ts
debug: Resolve cc from file:///Users/mason/Play1/assets/scripts/movement.ts as cce:/internal/x/cc.
debug: Resolve cc from file:///Users/mason/Play1/assets/scripts/movement.ts as cce:/internal/x/cc.
debug: Target(editor) ends with cost 58.00533318519592ms.
debug: Target(preview) build started.
debug: Detected change: cce:/internal/x/prerequisite-imports. Last mtime: Thu Jan 01 1970 09:16:17 GMT+0700 (Indochina Time), Current mtime: Thu Jan 01 1970 09:17:37 GMT+0700 (Indochina Time)
debug: Inspect cce:/internal/x/prerequisite-imports
debug: Resolve file:///Users/mason/Play1/assets/scripts/movement.ts from cce:/internal/x/prerequisite-imports as file:///Users/mason/Play1/assets/scripts/movement.ts.
debug: Detected change: file:///Users/mason/Play1/assets/scripts/movement.ts. Last mtime: Sun May 15 2022 15:59:46 GMT+0700 (Indochina Time)@aaf9b2f7-f081-4001-8bb7-20056bb8a38c, Current mtime: Sun May 15 2022 16:01:06 GMT+0700 (Indochina Time)@aaf9b2f7-f081-4001-8bb7-20056bb8a38c
debug: Inspect file:///Users/mason/Play1/assets/scripts/movement.ts
debug: Resolve cc from file:///Users/mason/Play1/assets/scripts/movement.ts as cce:/internal/x/cc.
debug: Resolve cc from file:///Users/mason/Play1/assets/scripts/movement.ts as cce:/internal/x/cc.
debug: Target(preview) ends with cost 58.189542055130005ms.
debug: Dispatch build request for time accumulated 1 asset changes.
debug: Build iteration starts.
Number of accumulated asset changes: 1
Feature changed: false
debug: Target(editor) build started.
debug: Detected change: cce:/internal/x/prerequisite-imports. Last mtime: Thu Jan 01 1970 09:17:37 GMT+0700 (Indochina Time), Current mtime: Thu Jan 01 1970 09:19:42 GMT+0700 (Indochina Time)
debug: Inspect cce:/internal/x/prerequisite-imports
debug: Resolve file:///Users/mason/Play1/assets/scripts/movement.ts from cce:/internal/x/prerequisite-imports as file:///Users/mason/Play1/assets/scripts/movement.ts.
debug: Detected change: file:///Users/mason/Play1/assets/scripts/movement.ts. Last mtime: Sun May 15 2022 16:01:06 GMT+0700 (Indochina Time)@aaf9b2f7-f081-4001-8bb7-20056bb8a38c, Current mtime: Sun May 15 2022 16:03:11 GMT+0700 (Indochina Time)@aaf9b2f7-f081-4001-8bb7-20056bb8a38c
debug: Inspect file:///Users/mason/Play1/assets/scripts/movement.ts
debug: Resolve cc from file:///Users/mason/Play1/assets/scripts/movement.ts as cce:/internal/x/cc.
debug: Resolve cc from file:///Users/mason/Play1/assets/scripts/movement.ts as cce:/internal/x/cc.
debug: Target(editor) ends with cost 116.18454098701477ms.
debug: Target(preview) build started.
debug: Detected change: cce:/internal/x/prerequisite-imports. Last mtime: Thu Jan 01 1970 09:17:37 GMT+0700 (Indochina Time), Current mtime: Thu Jan 01 1970 09:19:43 GMT+0700 (Indochina Time)
debug: Inspect cce:/internal/x/prerequisite-imports
debug: Resolve file:///Users/mason/Play1/assets/scripts/movement.ts from cce:/internal/x/prerequisite-imports as file:///Users/mason/Play1/assets/scripts/movement.ts.
debug: Detected change: file:///Users/mason/Play1/assets/scripts/movement.ts. Last mtime: Sun May 15 2022 16:01:06 GMT+0700 (Indochina Time)@aaf9b2f7-f081-4001-8bb7-20056bb8a38c, Current mtime: Sun May 15 2022 16:03:11 GMT+0700 (Indochina Time)@aaf9b2f7-f081-4001-8bb7-20056bb8a38c
debug: Inspect file:///Users/mason/Play1/assets/scripts/movement.ts
debug: Resolve cc from file:///Users/mason/Play1/assets/scripts/movement.ts as cce:/internal/x/cc.
debug: Resolve cc from file:///Users/mason/Play1/assets/scripts/movement.ts as cce:/internal/x/cc.
debug: Target(preview) ends with cost 67.98116707801819ms.
debug: Dispatch build request for time accumulated 1 asset changes.
debug: Build iteration starts.
Number of accumulated asset changes: 1
Feature changed: false
debug: Target(editor) build started.
debug: Detected change: cce:/internal/x/prerequisite-imports. Last mtime: Thu Jan 01 1970 09:19:42 GMT+0700 (Indochina Time), Current mtime: Thu Jan 01 1970 09:23:33 GMT+0700 (Indochina Time)
debug: Inspect cce:/internal/x/prerequisite-imports
debug: Resolve file:///Users/mason/Play1/assets/scripts/movement.ts from cce:/internal/x/prerequisite-imports as file:///Users/mason/Play1/assets/scripts/movement.ts.
debug: Detected change: file:///Users/mason/Play1/assets/scripts/movement.ts. Last mtime: Sun May 15 2022 16:03:11 GMT+0700 (Indochina Time)@aaf9b2f7-f081-4001-8bb7-20056bb8a38c, Current mtime: Sun May 15 2022 16:07:02 GMT+0700 (Indochina Time)@aaf9b2f7-f081-4001-8bb7-20056bb8a38c
debug: Inspect file:///Users/mason/Play1/assets/scripts/movement.ts
debug: Resolve cc from file:///Users/mason/Play1/assets/scripts/movement.ts as cce:/internal/x/cc.
debug: Resolve cc from file:///Users/mason/Play1/assets/scripts/movement.ts as cce:/internal/x/cc.
debug: Target(editor) ends with cost 51.251166105270386ms.
debug: Target(preview) build started.
debug: Detected change: cce:/internal/x/prerequisite-imports. Last mtime: Thu Jan 01 1970 09:19:43 GMT+0700 (Indochina Time), Current mtime: Thu Jan 01 1970 09:23:33 GMT+0700 (Indochina Time)
debug: Inspect cce:/internal/x/prerequisite-imports
debug: Resolve file:///Users/mason/Play1/assets/scripts/movement.ts from cce:/internal/x/prerequisite-imports as file:///Users/mason/Play1/assets/scripts/movement.ts.
debug: Detected change: file:///Users/mason/Play1/assets/scripts/movement.ts. Last mtime: Sun May 15 2022 16:03:11 GMT+0700 (Indochina Time)@aaf9b2f7-f081-4001-8bb7-20056bb8a38c, Current mtime: Sun May 15 2022 16:07:02 GMT+0700 (Indochina Time)@aaf9b2f7-f081-4001-8bb7-20056bb8a38c
debug: Inspect file:///Users/mason/Play1/assets/scripts/movement.ts
debug: Resolve cc from file:///Users/mason/Play1/assets/scripts/movement.ts as cce:/internal/x/cc.
debug: Resolve cc from file:///Users/mason/Play1/assets/scripts/movement.ts as cce:/internal/x/cc.
debug: Target(preview) ends with cost 62.96079206466675ms.
debug: Dispatch build request for time accumulated 1 asset changes.
debug: Build iteration starts.
Number of accumulated asset changes: 1
Feature changed: false
debug: Target(editor) build started.
debug: Detected change: cce:/internal/x/prerequisite-imports. Last mtime: Thu Jan 01 1970 09:23:33 GMT+0700 (Indochina Time), Current mtime: Thu Jan 01 1970 09:24:04 GMT+0700 (Indochina Time)
debug: Inspect cce:/internal/x/prerequisite-imports
debug: Resolve file:///Users/mason/Play1/assets/scripts/movement.ts from cce:/internal/x/prerequisite-imports as file:///Users/mason/Play1/assets/scripts/movement.ts.
debug: Detected change: file:///Users/mason/Play1/assets/scripts/movement.ts. Last mtime: Sun May 15 2022 16:07:02 GMT+0700 (Indochina Time)@aaf9b2f7-f081-4001-8bb7-20056bb8a38c, Current mtime: Sun May 15 2022 16:07:31 GMT+0700 (Indochina Time)@aaf9b2f7-f081-4001-8bb7-20056bb8a38c
debug: Inspect file:///Users/mason/Play1/assets/scripts/movement.ts
debug: Resolve cc from file:///Users/mason/Play1/assets/scripts/movement.ts as cce:/internal/x/cc.
debug: Resolve cc from file:///Users/mason/Play1/assets/scripts/movement.ts as cce:/internal/x/cc.
debug: Target(editor) ends with cost 104.97966599464417ms.
debug: Target(preview) build started.
debug: Detected change: cce:/internal/x/prerequisite-imports. Last mtime: Thu Jan 01 1970 09:23:33 GMT+0700 (Indochina Time), Current mtime: Thu Jan 01 1970 09:24:05 GMT+0700 (Indochina Time)
debug: Inspect cce:/internal/x/prerequisite-imports
debug: Resolve file:///Users/mason/Play1/assets/scripts/movement.ts from cce:/internal/x/prerequisite-imports as file:///Users/mason/Play1/assets/scripts/movement.ts.
debug: Detected change: file:///Users/mason/Play1/assets/scripts/movement.ts. Last mtime: Sun May 15 2022 16:07:02 GMT+0700 (Indochina Time)@aaf9b2f7-f081-4001-8bb7-20056bb8a38c, Current mtime: Sun May 15 2022 16:07:31 GMT+0700 (Indochina Time)@aaf9b2f7-f081-4001-8bb7-20056bb8a38c
debug: Inspect file:///Users/mason/Play1/assets/scripts/movement.ts
debug: Resolve cc from file:///Users/mason/Play1/assets/scripts/movement.ts as cce:/internal/x/cc.
debug: Resolve cc from file:///Users/mason/Play1/assets/scripts/movement.ts as cce:/internal/x/cc.
debug: Target(preview) ends with cost 82.16100001335144ms.
debug: Dispatch build request for time accumulated 1 asset changes.
debug: Build iteration starts.
Number of accumulated asset changes: 1
Feature changed: false
debug: Target(editor) build started.
debug: Detected change: cce:/internal/x/prerequisite-imports. Last mtime: Thu Jan 01 1970 09:24:04 GMT+0700 (Indochina Time), Current mtime: Thu Jan 01 1970 09:25:27 GMT+0700 (Indochina Time)
debug: Inspect cce:/internal/x/prerequisite-imports
debug: Resolve file:///Users/mason/Play1/assets/scripts/mouse.ts from cce:/internal/x/prerequisite-imports as file:///Users/mason/Play1/assets/scripts/mouse.ts.
debug: Inspect file:///Users/mason/Play1/assets/scripts/mouse.ts
debug: Resolve cc from file:///Users/mason/Play1/assets/scripts/mouse.ts as cce:/internal/x/cc.
debug: Resolve cc from file:///Users/mason/Play1/assets/scripts/mouse.ts as cce:/internal/x/cc.
debug: Resolve file:///Users/mason/Play1/assets/scripts/movement.ts from cce:/internal/x/prerequisite-imports as file:///Users/mason/Play1/assets/scripts/movement.ts.
debug: Target(editor) ends with cost 115.63029098510742ms.
debug: Target(preview) build started.
debug: Detected change: cce:/internal/x/prerequisite-imports. Last mtime: Thu Jan 01 1970 09:24:05 GMT+0700 (Indochina Time), Current mtime: Thu Jan 01 1970 09:25:27 GMT+0700 (Indochina Time)
debug: Inspect cce:/internal/x/prerequisite-imports
debug: Resolve file:///Users/mason/Play1/assets/scripts/mouse.ts from cce:/internal/x/prerequisite-imports as file:///Users/mason/Play1/assets/scripts/mouse.ts.
debug: Inspect file:///Users/mason/Play1/assets/scripts/mouse.ts
debug: Resolve cc from file:///Users/mason/Play1/assets/scripts/mouse.ts as cce:/internal/x/cc.
debug: Resolve cc from file:///Users/mason/Play1/assets/scripts/mouse.ts as cce:/internal/x/cc.
debug: Resolve file:///Users/mason/Play1/assets/scripts/movement.ts from cce:/internal/x/prerequisite-imports as file:///Users/mason/Play1/assets/scripts/movement.ts.
debug: Target(preview) ends with cost 62.26550006866455ms.
debug: Dispatch build request for time accumulated 1 asset changes.
debug: Build iteration starts.
Number of accumulated asset changes: 1
Feature changed: false
debug: Target(editor) build started.
debug: Detected change: cce:/internal/x/prerequisite-imports. Last mtime: Thu Jan 01 1970 09:25:27 GMT+0700 (Indochina Time), Current mtime: Thu Jan 01 1970 09:30:06 GMT+0700 (Indochina Time)
debug: Inspect cce:/internal/x/prerequisite-imports
debug: Resolve file:///Users/mason/Play1/assets/scripts/mouse.ts from cce:/internal/x/prerequisite-imports as file:///Users/mason/Play1/assets/scripts/mouse.ts.
debug: Detected change: file:///Users/mason/Play1/assets/scripts/mouse.ts. Last mtime: Sun May 15 2022 16:08:58 GMT+0700 (Indochina Time)@832ad6b3-a6ab-4dd2-8d83-d98b8fdfe5b6, Current mtime: Sun May 15 2022 16:13:35 GMT+0700 (Indochina Time)@832ad6b3-a6ab-4dd2-8d83-d98b8fdfe5b6
debug: Inspect file:///Users/mason/Play1/assets/scripts/mouse.ts
debug: Resolve cc from file:///Users/mason/Play1/assets/scripts/mouse.ts as cce:/internal/x/cc.
debug: Resolve cc from file:///Users/mason/Play1/assets/scripts/mouse.ts as cce:/internal/x/cc.
debug: Resolve file:///Users/mason/Play1/assets/scripts/movement.ts from cce:/internal/x/prerequisite-imports as file:///Users/mason/Play1/assets/scripts/movement.ts.
debug: Target(editor) ends with cost 102.16283297538757ms.
debug: Target(preview) build started.
debug: Detected change: cce:/internal/x/prerequisite-imports. Last mtime: Thu Jan 01 1970 09:25:27 GMT+0700 (Indochina Time), Current mtime: Thu Jan 01 1970 09:30:06 GMT+0700 (Indochina Time)
debug: Inspect cce:/internal/x/prerequisite-imports
debug: Resolve file:///Users/mason/Play1/assets/scripts/mouse.ts from cce:/internal/x/prerequisite-imports as file:///Users/mason/Play1/assets/scripts/mouse.ts.
debug: Detected change: file:///Users/mason/Play1/assets/scripts/mouse.ts. Last mtime: Sun May 15 2022 16:08:58 GMT+0700 (Indochina Time)@832ad6b3-a6ab-4dd2-8d83-d98b8fdfe5b6, Current mtime: Sun May 15 2022 16:13:35 GMT+0700 (Indochina Time)@832ad6b3-a6ab-4dd2-8d83-d98b8fdfe5b6
debug: Inspect file:///Users/mason/Play1/assets/scripts/mouse.ts
debug: Resolve cc from file:///Users/mason/Play1/assets/scripts/mouse.ts as cce:/internal/x/cc.
debug: Resolve cc from file:///Users/mason/Play1/assets/scripts/mouse.ts as cce:/internal/x/cc.
debug: Resolve file:///Users/mason/Play1/assets/scripts/movement.ts from cce:/internal/x/prerequisite-imports as file:///Users/mason/Play1/assets/scripts/movement.ts.
debug: Target(preview) ends with cost 148.03745818138123ms.
debug: Dispatch build request for time accumulated 1 asset changes.
debug: Build iteration starts.
Number of accumulated asset changes: 1
Feature changed: false
debug: Target(editor) build started.
debug: Detected change: cce:/internal/x/prerequisite-imports. Last mtime: Thu Jan 01 1970 09:30:06 GMT+0700 (Indochina Time), Current mtime: Thu Jan 01 1970 09:31:30 GMT+0700 (Indochina Time)
debug: Inspect cce:/internal/x/prerequisite-imports
debug: Resolve file:///Users/mason/Play1/assets/scripts/mouse.ts from cce:/internal/x/prerequisite-imports as file:///Users/mason/Play1/assets/scripts/mouse.ts.
debug: Detected change: file:///Users/mason/Play1/assets/scripts/mouse.ts. Last mtime: Sun May 15 2022 16:13:35 GMT+0700 (Indochina Time)@832ad6b3-a6ab-4dd2-8d83-d98b8fdfe5b6, Current mtime: Sun May 15 2022 16:14:53 GMT+0700 (Indochina Time)@832ad6b3-a6ab-4dd2-8d83-d98b8fdfe5b6
debug: Inspect file:///Users/mason/Play1/assets/scripts/mouse.ts
debug: Resolve cc from file:///Users/mason/Play1/assets/scripts/mouse.ts as cce:/internal/x/cc.
debug: Resolve cc from file:///Users/mason/Play1/assets/scripts/mouse.ts as cce:/internal/x/cc.
debug: Resolve file:///Users/mason/Play1/assets/scripts/movement.ts from cce:/internal/x/prerequisite-imports as file:///Users/mason/Play1/assets/scripts/movement.ts.
debug: Target(editor) ends with cost 84.29050016403198ms.
debug: Target(preview) build started.
debug: Detected change: cce:/internal/x/prerequisite-imports. Last mtime: Thu Jan 01 1970 09:30:06 GMT+0700 (Indochina Time), Current mtime: Thu Jan 01 1970 09:31:30 GMT+0700 (Indochina Time)
debug: Inspect cce:/internal/x/prerequisite-imports
debug: Resolve file:///Users/mason/Play1/assets/scripts/mouse.ts from cce:/internal/x/prerequisite-imports as file:///Users/mason/Play1/assets/scripts/mouse.ts.
debug: Detected change: file:///Users/mason/Play1/assets/scripts/mouse.ts. Last mtime: Sun May 15 2022 16:13:35 GMT+0700 (Indochina Time)@832ad6b3-a6ab-4dd2-8d83-d98b8fdfe5b6, Current mtime: Sun May 15 2022 16:14:53 GMT+0700 (Indochina Time)@832ad6b3-a6ab-4dd2-8d83-d98b8fdfe5b6
debug: Inspect file:///Users/mason/Play1/assets/scripts/mouse.ts
debug: Resolve cc from file:///Users/mason/Play1/assets/scripts/mouse.ts as cce:/internal/x/cc.
debug: Resolve cc from file:///Users/mason/Play1/assets/scripts/mouse.ts as cce:/internal/x/cc.
debug: Resolve file:///Users/mason/Play1/assets/scripts/movement.ts from cce:/internal/x/prerequisite-imports as file:///Users/mason/Play1/assets/scripts/movement.ts.
debug: Target(preview) ends with cost 99.96754193305969ms.
debug: Dispatch build request for time accumulated 1 asset changes.
debug: Build iteration starts.
Number of accumulated asset changes: 1
Feature changed: false
debug: Target(editor) build started.
debug: Detected change: cce:/internal/x/prerequisite-imports. Last mtime: Thu Jan 01 1970 09:31:30 GMT+0700 (Indochina Time), Current mtime: Thu Jan 01 1970 10:40:01 GMT+0700 (Indochina Time)
debug: Inspect cce:/internal/x/prerequisite-imports
debug: Resolve file:///Users/mason/Play1/assets/scripts/mouse.ts from cce:/internal/x/prerequisite-imports as file:///Users/mason/Play1/assets/scripts/mouse.ts.
debug: Detected change: file:///Users/mason/Play1/assets/scripts/mouse.ts. Last mtime: Sun May 15 2022 16:14:53 GMT+0700 (Indochina Time)@832ad6b3-a6ab-4dd2-8d83-d98b8fdfe5b6, Current mtime: Sun May 15 2022 17:17:53 GMT+0700 (Indochina Time)@832ad6b3-a6ab-4dd2-8d83-d98b8fdfe5b6
debug: Inspect file:///Users/mason/Play1/assets/scripts/mouse.ts
debug: Resolve cc from file:///Users/mason/Play1/assets/scripts/mouse.ts as cce:/internal/x/cc.
debug: Resolve cc from file:///Users/mason/Play1/assets/scripts/mouse.ts as cce:/internal/x/cc.
debug: Resolve file:///Users/mason/Play1/assets/scripts/movement.ts from cce:/internal/x/prerequisite-imports as file:///Users/mason/Play1/assets/scripts/movement.ts.
debug: Target(editor) ends with cost 241.39054203033447ms.
debug: Target(preview) build started.
debug: Detected change: cce:/internal/x/prerequisite-imports. Last mtime: Thu Jan 01 1970 09:31:30 GMT+0700 (Indochina Time), Current mtime: Thu Jan 01 1970 10:40:01 GMT+0700 (Indochina Time)
debug: Inspect cce:/internal/x/prerequisite-imports
debug: Resolve file:///Users/mason/Play1/assets/scripts/mouse.ts from cce:/internal/x/prerequisite-imports as file:///Users/mason/Play1/assets/scripts/mouse.ts.
debug: Detected change: file:///Users/mason/Play1/assets/scripts/mouse.ts. Last mtime: Sun May 15 2022 16:14:53 GMT+0700 (Indochina Time)@832ad6b3-a6ab-4dd2-8d83-d98b8fdfe5b6, Current mtime: Sun May 15 2022 17:17:53 GMT+0700 (Indochina Time)@832ad6b3-a6ab-4dd2-8d83-d98b8fdfe5b6
debug: Inspect file:///Users/mason/Play1/assets/scripts/mouse.ts
debug: Resolve cc from file:///Users/mason/Play1/assets/scripts/mouse.ts as cce:/internal/x/cc.
debug: Resolve cc from file:///Users/mason/Play1/assets/scripts/mouse.ts as cce:/internal/x/cc.
debug: Resolve file:///Users/mason/Play1/assets/scripts/movement.ts from cce:/internal/x/prerequisite-imports as file:///Users/mason/Play1/assets/scripts/movement.ts.
debug: Target(preview) ends with cost 92.43225002288818ms.
debug: Dispatch build request for time accumulated 1 asset changes.
debug: Build iteration starts.
Number of accumulated asset changes: 1
Feature changed: false
debug: Target(editor) build started.
debug: Detected change: cce:/internal/x/prerequisite-imports. Last mtime: Thu Jan 01 1970 10:40:01 GMT+0700 (Indochina Time), Current mtime: Thu Jan 01 1970 10:41:36 GMT+0700 (Indochina Time)
debug: Inspect cce:/internal/x/prerequisite-imports
debug: Resolve file:///Users/mason/Play1/assets/scripts/mouse.ts from cce:/internal/x/prerequisite-imports as file:///Users/mason/Play1/assets/scripts/mouse.ts.
debug: Detected change: file:///Users/mason/Play1/assets/scripts/mouse.ts. Last mtime: Sun May 15 2022 17:17:53 GMT+0700 (Indochina Time)@832ad6b3-a6ab-4dd2-8d83-d98b8fdfe5b6, Current mtime: Sun May 15 2022 17:24:30 GMT+0700 (Indochina Time)@832ad6b3-a6ab-4dd2-8d83-d98b8fdfe5b6
debug: Inspect file:///Users/mason/Play1/assets/scripts/mouse.ts
debug: Resolve cc from file:///Users/mason/Play1/assets/scripts/mouse.ts as cce:/internal/x/cc.
debug: Resolve cc from file:///Users/mason/Play1/assets/scripts/mouse.ts as cce:/internal/x/cc.
debug: Resolve file:///Users/mason/Play1/assets/scripts/movement.ts from cce:/internal/x/prerequisite-imports as file:///Users/mason/Play1/assets/scripts/movement.ts.
debug: Target(editor) ends with cost 80.29529190063477ms.
debug: Target(preview) build started.
debug: Detected change: cce:/internal/x/prerequisite-imports. Last mtime: Thu Jan 01 1970 10:40:01 GMT+0700 (Indochina Time), Current mtime: Thu Jan 01 1970 10:41:36 GMT+0700 (Indochina Time)
debug: Inspect cce:/internal/x/prerequisite-imports
debug: Resolve file:///Users/mason/Play1/assets/scripts/mouse.ts from cce:/internal/x/prerequisite-imports as file:///Users/mason/Play1/assets/scripts/mouse.ts.
debug: Detected change: file:///Users/mason/Play1/assets/scripts/mouse.ts. Last mtime: Sun May 15 2022 17:17:53 GMT+0700 (Indochina Time)@832ad6b3-a6ab-4dd2-8d83-d98b8fdfe5b6, Current mtime: Sun May 15 2022 17:24:30 GMT+0700 (Indochina Time)@832ad6b3-a6ab-4dd2-8d83-d98b8fdfe5b6
debug: Inspect file:///Users/mason/Play1/assets/scripts/mouse.ts
debug: Resolve cc from file:///Users/mason/Play1/assets/scripts/mouse.ts as cce:/internal/x/cc.
debug: Resolve cc from file:///Users/mason/Play1/assets/scripts/mouse.ts as cce:/internal/x/cc.
debug: Resolve file:///Users/mason/Play1/assets/scripts/movement.ts from cce:/internal/x/prerequisite-imports as file:///Users/mason/Play1/assets/scripts/movement.ts.
debug: Target(preview) ends with cost 58.66962504386902ms.
debug: Dispatch build request for time accumulated 1 asset changes.
debug: Build iteration starts.
Number of accumulated asset changes: 1
Feature changed: false
debug: Target(editor) build started.
debug: Detected change: cce:/internal/x/prerequisite-imports. Last mtime: Thu Jan 01 1970 10:41:36 GMT+0700 (Indochina Time), Current mtime: Thu Jan 01 1970 10:50:04 GMT+0700 (Indochina Time)
debug: Inspect cce:/internal/x/prerequisite-imports
debug: Resolve file:///Users/mason/Play1/assets/scripts/mouse.ts from cce:/internal/x/prerequisite-imports as file:///Users/mason/Play1/assets/scripts/mouse.ts.
debug: Detected change: file:///Users/mason/Play1/assets/scripts/mouse.ts. Last mtime: Sun May 15 2022 17:24:30 GMT+0700 (Indochina Time)@832ad6b3-a6ab-4dd2-8d83-d98b8fdfe5b6, Current mtime: Sun May 15 2022 17:33:30 GMT+0700 (Indochina Time)@832ad6b3-a6ab-4dd2-8d83-d98b8fdfe5b6
debug: Inspect file:///Users/mason/Play1/assets/scripts/mouse.ts
debug: Resolve cc from file:///Users/mason/Play1/assets/scripts/mouse.ts as cce:/internal/x/cc.
debug: Resolve cc from file:///Users/mason/Play1/assets/scripts/mouse.ts as cce:/internal/x/cc.
debug: Resolve file:///Users/mason/Play1/assets/scripts/movement.ts from cce:/internal/x/prerequisite-imports as file:///Users/mason/Play1/assets/scripts/movement.ts.
debug: Target(editor) ends with cost 63.0549578666687ms.
debug: Target(preview) build started.
debug: Detected change: cce:/internal/x/prerequisite-imports. Last mtime: Thu Jan 01 1970 10:41:36 GMT+0700 (Indochina Time), Current mtime: Thu Jan 01 1970 10:50:04 GMT+0700 (Indochina Time)
debug: Inspect cce:/internal/x/prerequisite-imports
debug: Resolve file:///Users/mason/Play1/assets/scripts/mouse.ts from cce:/internal/x/prerequisite-imports as file:///Users/mason/Play1/assets/scripts/mouse.ts.
debug: Detected change: file:///Users/mason/Play1/assets/scripts/mouse.ts. Last mtime: Sun May 15 2022 17:24:30 GMT+0700 (Indochina Time)@832ad6b3-a6ab-4dd2-8d83-d98b8fdfe5b6, Current mtime: Sun May 15 2022 17:33:30 GMT+0700 (Indochina Time)@832ad6b3-a6ab-4dd2-8d83-d98b8fdfe5b6
debug: Inspect file:///Users/mason/Play1/assets/scripts/mouse.ts
debug: Resolve cc from file:///Users/mason/Play1/assets/scripts/mouse.ts as cce:/internal/x/cc.
debug: Resolve cc from file:///Users/mason/Play1/assets/scripts/mouse.ts as cce:/internal/x/cc.
debug: Resolve file:///Users/mason/Play1/assets/scripts/movement.ts from cce:/internal/x/prerequisite-imports as file:///Users/mason/Play1/assets/scripts/movement.ts.
debug: Target(preview) ends with cost 62.67645812034607ms.
debug: Dispatch build request for time accumulated 1 asset changes.
debug: Build iteration starts.
Number of accumulated asset changes: 1
Feature changed: false
debug: Target(editor) build started.
debug: Detected change: cce:/internal/x/prerequisite-imports. Last mtime: Thu Jan 01 1970 10:50:04 GMT+0700 (Indochina Time), Current mtime: Thu Jan 01 1970 10:51:52 GMT+0700 (Indochina Time)
debug: Inspect cce:/internal/x/prerequisite-imports
debug: Resolve file:///Users/mason/Play1/assets/scripts/Touchinput.ts from cce:/internal/x/prerequisite-imports as file:///Users/mason/Play1/assets/scripts/Touchinput.ts.
debug: Inspect file:///Users/mason/Play1/assets/scripts/Touchinput.ts
debug: Resolve cc from file:///Users/mason/Play1/assets/scripts/Touchinput.ts as cce:/internal/x/cc.
debug: Resolve cc from file:///Users/mason/Play1/assets/scripts/Touchinput.ts as cce:/internal/x/cc.
debug: Resolve file:///Users/mason/Play1/assets/scripts/mouse.ts from cce:/internal/x/prerequisite-imports as file:///Users/mason/Play1/assets/scripts/mouse.ts.
debug: Resolve file:///Users/mason/Play1/assets/scripts/movement.ts from cce:/internal/x/prerequisite-imports as file:///Users/mason/Play1/assets/scripts/movement.ts.
debug: Target(editor) ends with cost 77.25266599655151ms.
debug: Target(preview) build started.
debug: Detected change: cce:/internal/x/prerequisite-imports. Last mtime: Thu Jan 01 1970 10:50:04 GMT+0700 (Indochina Time), Current mtime: Thu Jan 01 1970 10:51:53 GMT+0700 (Indochina Time)
debug: Inspect cce:/internal/x/prerequisite-imports
debug: Resolve file:///Users/mason/Play1/assets/scripts/Touchinput.ts from cce:/internal/x/prerequisite-imports as file:///Users/mason/Play1/assets/scripts/Touchinput.ts.
debug: Inspect file:///Users/mason/Play1/assets/scripts/Touchinput.ts
debug: Resolve cc from file:///Users/mason/Play1/assets/scripts/Touchinput.ts as cce:/internal/x/cc.
debug: Resolve cc from file:///Users/mason/Play1/assets/scripts/Touchinput.ts as cce:/internal/x/cc.
debug: Resolve file:///Users/mason/Play1/assets/scripts/mouse.ts from cce:/internal/x/prerequisite-imports as file:///Users/mason/Play1/assets/scripts/mouse.ts.
debug: Resolve file:///Users/mason/Play1/assets/scripts/movement.ts from cce:/internal/x/prerequisite-imports as file:///Users/mason/Play1/assets/scripts/movement.ts.
debug: Target(preview) ends with cost 120.62150001525879ms.
debug: Dispatch build request for time accumulated 1 asset changes.
debug: Build iteration starts.
Number of accumulated asset changes: 1
Feature changed: false
debug: Target(editor) build started.
debug: Detected change: cce:/internal/x/prerequisite-imports. Last mtime: Thu Jan 01 1970 10:51:52 GMT+0700 (Indochina Time), Current mtime: Thu Jan 01 1970 10:56:38 GMT+0700 (Indochina Time)
debug: Inspect cce:/internal/x/prerequisite-imports
debug: Resolve file:///Users/mason/Play1/assets/scripts/Touchinput.ts from cce:/internal/x/prerequisite-imports as file:///Users/mason/Play1/assets/scripts/Touchinput.ts.
debug: Detected change: file:///Users/mason/Play1/assets/scripts/Touchinput.ts. Last mtime: Sun May 15 2022 17:35:23 GMT+0700 (Indochina Time)@16707b00-89be-4278-a948-8614f141cfec, Current mtime: Sun May 15 2022 17:39:55 GMT+0700 (Indochina Time)@16707b00-89be-4278-a948-8614f141cfec
debug: Inspect file:///Users/mason/Play1/assets/scripts/Touchinput.ts
debug: Resolve cc from file:///Users/mason/Play1/assets/scripts/Touchinput.ts as cce:/internal/x/cc.
debug: Resolve cc from file:///Users/mason/Play1/assets/scripts/Touchinput.ts as cce:/internal/x/cc.
debug: Resolve file:///Users/mason/Play1/assets/scripts/mouse.ts from cce:/internal/x/prerequisite-imports as file:///Users/mason/Play1/assets/scripts/mouse.ts.
debug: Resolve file:///Users/mason/Play1/assets/scripts/movement.ts from cce:/internal/x/prerequisite-imports as file:///Users/mason/Play1/assets/scripts/movement.ts.
debug: Target(editor) ends with cost 121.11070799827576ms.
debug: Target(preview) build started.
debug: Detected change: cce:/internal/x/prerequisite-imports. Last mtime: Thu Jan 01 1970 10:51:53 GMT+0700 (Indochina Time), Current mtime: Thu Jan 01 1970 10:56:38 GMT+0700 (Indochina Time)
debug: Inspect cce:/internal/x/prerequisite-imports
debug: Resolve file:///Users/mason/Play1/assets/scripts/Touchinput.ts from cce:/internal/x/prerequisite-imports as file:///Users/mason/Play1/assets/scripts/Touchinput.ts.
debug: Detected change: file:///Users/mason/Play1/assets/scripts/Touchinput.ts. Last mtime: Sun May 15 2022 17:35:23 GMT+0700 (Indochina Time)@16707b00-89be-4278-a948-8614f141cfec, Current mtime: Sun May 15 2022 17:39:55 GMT+0700 (Indochina Time)@16707b00-89be-4278-a948-8614f141cfec
debug: Inspect file:///Users/mason/Play1/assets/scripts/Touchinput.ts
debug: Resolve cc from file:///Users/mason/Play1/assets/scripts/Touchinput.ts as cce:/internal/x/cc.
debug: Resolve cc from file:///Users/mason/Play1/assets/scripts/Touchinput.ts as cce:/internal/x/cc.
debug: Resolve file:///Users/mason/Play1/assets/scripts/mouse.ts from cce:/internal/x/prerequisite-imports as file:///Users/mason/Play1/assets/scripts/mouse.ts.
debug: Resolve file:///Users/mason/Play1/assets/scripts/movement.ts from cce:/internal/x/prerequisite-imports as file:///Users/mason/Play1/assets/scripts/movement.ts.
debug: Target(preview) ends with cost 65.06237506866455ms.
debug: Dispatch build request for time accumulated 1 asset changes.
debug: Build iteration starts.
Number of accumulated asset changes: 1
Feature changed: false
debug: Target(editor) build started.
debug: Detected change: cce:/internal/x/prerequisite-imports. Last mtime: Thu Jan 01 1970 10:56:38 GMT+0700 (Indochina Time), Current mtime: Thu Jan 01 1970 11:03:53 GMT+0700 (Indochina Time)
debug: Inspect cce:/internal/x/prerequisite-imports
debug: Resolve file:///Users/mason/Play1/assets/scripts/Mouse-001.ts from cce:/internal/x/prerequisite-imports as file:///Users/mason/Play1/assets/scripts/Mouse-001.ts.
debug: Inspect file:///Users/mason/Play1/assets/scripts/Mouse-001.ts
debug: Resolve cc from file:///Users/mason/Play1/assets/scripts/Mouse-001.ts as cce:/internal/x/cc.
debug: Resolve file:///Users/mason/Play1/assets/scripts/Touchinput.ts from cce:/internal/x/prerequisite-imports as file:///Users/mason/Play1/assets/scripts/Touchinput.ts.
debug: Resolve file:///Users/mason/Play1/assets/scripts/mouse.ts from cce:/internal/x/prerequisite-imports as file:///Users/mason/Play1/assets/scripts/mouse.ts.
debug: Resolve file:///Users/mason/Play1/assets/scripts/movement.ts from cce:/internal/x/prerequisite-imports as file:///Users/mason/Play1/assets/scripts/movement.ts.
debug: Target(editor) ends with cost 116.44854187965393ms.
debug: Target(preview) build started.
debug: Detected change: cce:/internal/x/prerequisite-imports. Last mtime: Thu Jan 01 1970 10:56:38 GMT+0700 (Indochina Time), Current mtime: Thu Jan 01 1970 11:03:53 GMT+0700 (Indochina Time)
debug: Inspect cce:/internal/x/prerequisite-imports
debug: Resolve file:///Users/mason/Play1/assets/scripts/Mouse-001.ts from cce:/internal/x/prerequisite-imports as file:///Users/mason/Play1/assets/scripts/Mouse-001.ts.
debug: Inspect file:///Users/mason/Play1/assets/scripts/Mouse-001.ts
debug: Resolve cc from file:///Users/mason/Play1/assets/scripts/Mouse-001.ts as cce:/internal/x/cc.
debug: Resolve file:///Users/mason/Play1/assets/scripts/Touchinput.ts from cce:/internal/x/prerequisite-imports as file:///Users/mason/Play1/assets/scripts/Touchinput.ts.
debug: Resolve file:///Users/mason/Play1/assets/scripts/mouse.ts from cce:/internal/x/prerequisite-imports as file:///Users/mason/Play1/assets/scripts/mouse.ts.
debug: Resolve file:///Users/mason/Play1/assets/scripts/movement.ts from cce:/internal/x/prerequisite-imports as file:///Users/mason/Play1/assets/scripts/movement.ts.
debug: Target(preview) ends with cost 58.79812502861023ms.
debug: Dispatch build request for time accumulated 1 asset changes.
debug: Build iteration starts.
Number of accumulated asset changes: 1
Feature changed: false
debug: Target(editor) build started.
debug: Detected change: cce:/internal/x/prerequisite-imports. Last mtime: Thu Jan 01 1970 11:03:53 GMT+0700 (Indochina Time), Current mtime: Thu Jan 01 1970 11:05:41 GMT+0700 (Indochina Time)
debug: Inspect cce:/internal/x/prerequisite-imports
debug: Resolve file:///Users/mason/Play1/assets/scripts/Touchinput.ts from cce:/internal/x/prerequisite-imports as file:///Users/mason/Play1/assets/scripts/Touchinput.ts.
debug: Resolve file:///Users/mason/Play1/assets/scripts/mouse.ts from cce:/internal/x/prerequisite-imports as file:///Users/mason/Play1/assets/scripts/mouse.ts.
debug: Resolve file:///Users/mason/Play1/assets/scripts/movement.ts from cce:/internal/x/prerequisite-imports as file:///Users/mason/Play1/assets/scripts/movement.ts.
debug: Target(editor) ends with cost 35.91391706466675ms.
debug: Target(preview) build started.
debug: Detected change: cce:/internal/x/prerequisite-imports. Last mtime: Thu Jan 01 1970 11:03:53 GMT+0700 (Indochina Time), Current mtime: Thu Jan 01 1970 11:05:41 GMT+0700 (Indochina Time)
debug: Inspect cce:/internal/x/prerequisite-imports
debug: Resolve file:///Users/mason/Play1/assets/scripts/Touchinput.ts from cce:/internal/x/prerequisite-imports as file:///Users/mason/Play1/assets/scripts/Touchinput.ts.
debug: Resolve file:///Users/mason/Play1/assets/scripts/mouse.ts from cce:/internal/x/prerequisite-imports as file:///Users/mason/Play1/assets/scripts/mouse.ts.
debug: Resolve file:///Users/mason/Play1/assets/scripts/movement.ts from cce:/internal/x/prerequisite-imports as file:///Users/mason/Play1/assets/scripts/movement.ts.
debug: Target(preview) ends with cost 15.933000087738037ms.
debug: Dispatch build request for time accumulated 1 asset changes.
debug: Build iteration starts.
Number of accumulated asset changes: 1
Feature changed: false
debug: Target(editor) build started.
debug: Detected change: cce:/internal/x/prerequisite-imports. Last mtime: Thu Jan 01 1970 11:05:41 GMT+0700 (Indochina Time), Current mtime: Thu Jan 01 1970 11:06:24 GMT+0700 (Indochina Time)
debug: Inspect cce:/internal/x/prerequisite-imports
debug: Resolve file:///Users/mason/Play1/assets/scripts/Keyboard.ts from cce:/internal/x/prerequisite-imports as file:///Users/mason/Play1/assets/scripts/Keyboard.ts.
debug: Inspect file:///Users/mason/Play1/assets/scripts/Keyboard.ts
debug: Resolve cc from file:///Users/mason/Play1/assets/scripts/Keyboard.ts as cce:/internal/x/cc.
debug: Resolve file:///Users/mason/Play1/assets/scripts/Touchinput.ts from cce:/internal/x/prerequisite-imports as file:///Users/mason/Play1/assets/scripts/Touchinput.ts.
debug: Resolve file:///Users/mason/Play1/assets/scripts/mouse.ts from cce:/internal/x/prerequisite-imports as file:///Users/mason/Play1/assets/scripts/mouse.ts.
debug: Resolve file:///Users/mason/Play1/assets/scripts/movement.ts from cce:/internal/x/prerequisite-imports as file:///Users/mason/Play1/assets/scripts/movement.ts.
debug: Target(editor) ends with cost 50.259665966033936ms.
debug: Target(preview) build started.
debug: Detected change: cce:/internal/x/prerequisite-imports. Last mtime: Thu Jan 01 1970 11:05:41 GMT+0700 (Indochina Time), Current mtime: Thu Jan 01 1970 11:06:24 GMT+0700 (Indochina Time)
debug: Inspect cce:/internal/x/prerequisite-imports
debug: Resolve file:///Users/mason/Play1/assets/scripts/Keyboard.ts from cce:/internal/x/prerequisite-imports as file:///Users/mason/Play1/assets/scripts/Keyboard.ts.
debug: Inspect file:///Users/mason/Play1/assets/scripts/Keyboard.ts
debug: Resolve cc from file:///Users/mason/Play1/assets/scripts/Keyboard.ts as cce:/internal/x/cc.
debug: Resolve file:///Users/mason/Play1/assets/scripts/Touchinput.ts from cce:/internal/x/prerequisite-imports as file:///Users/mason/Play1/assets/scripts/Touchinput.ts.
debug: Resolve file:///Users/mason/Play1/assets/scripts/mouse.ts from cce:/internal/x/prerequisite-imports as file:///Users/mason/Play1/assets/scripts/mouse.ts.
debug: Resolve file:///Users/mason/Play1/assets/scripts/movement.ts from cce:/internal/x/prerequisite-imports as file:///Users/mason/Play1/assets/scripts/movement.ts.
debug: Target(preview) ends with cost 253.14512515068054ms.
debug: Dispatch build request for time accumulated 1 asset changes.
debug: Build iteration starts.
Number of accumulated asset changes: 1
Feature changed: false
debug: Target(editor) build started.
debug: Detected change: cce:/internal/x/prerequisite-imports. Last mtime: Thu Jan 01 1970 11:06:24 GMT+0700 (Indochina Time), Current mtime: Thu Jan 01 1970 11:15:52 GMT+0700 (Indochina Time)
debug: Inspect cce:/internal/x/prerequisite-imports
debug: Resolve file:///Users/mason/Play1/assets/scripts/Keyboard.ts from cce:/internal/x/prerequisite-imports as file:///Users/mason/Play1/assets/scripts/Keyboard.ts.
debug: Resolve file:///Users/mason/Play1/assets/scripts/Touchinput.ts from cce:/internal/x/prerequisite-imports as file:///Users/mason/Play1/assets/scripts/Touchinput.ts.
debug: Resolve file:///Users/mason/Play1/assets/scripts/changeScene.ts from cce:/internal/x/prerequisite-imports as file:///Users/mason/Play1/assets/scripts/changeScene.ts.
debug: Inspect file:///Users/mason/Play1/assets/scripts/changeScene.ts
debug: Resolve cc from file:///Users/mason/Play1/assets/scripts/changeScene.ts as cce:/internal/x/cc.
debug: Resolve file:///Users/mason/Play1/assets/scripts/mouse.ts from cce:/internal/x/prerequisite-imports as file:///Users/mason/Play1/assets/scripts/mouse.ts.
debug: Resolve file:///Users/mason/Play1/assets/scripts/movement.ts from cce:/internal/x/prerequisite-imports as file:///Users/mason/Play1/assets/scripts/movement.ts.
debug: Target(editor) ends with cost 91.4603328704834ms.
debug: Target(preview) build started.
debug: Detected change: cce:/internal/x/prerequisite-imports. Last mtime: Thu Jan 01 1970 11:06:24 GMT+0700 (Indochina Time), Current mtime: Thu Jan 01 1970 11:15:52 GMT+0700 (Indochina Time)
debug: Inspect cce:/internal/x/prerequisite-imports
debug: Resolve file:///Users/mason/Play1/assets/scripts/Keyboard.ts from cce:/internal/x/prerequisite-imports as file:///Users/mason/Play1/assets/scripts/Keyboard.ts.
debug: Resolve file:///Users/mason/Play1/assets/scripts/Touchinput.ts from cce:/internal/x/prerequisite-imports as file:///Users/mason/Play1/assets/scripts/Touchinput.ts.
debug: Resolve file:///Users/mason/Play1/assets/scripts/changeScene.ts from cce:/internal/x/prerequisite-imports as file:///Users/mason/Play1/assets/scripts/changeScene.ts.
debug: Inspect file:///Users/mason/Play1/assets/scripts/changeScene.ts
debug: Resolve cc from file:///Users/mason/Play1/assets/scripts/changeScene.ts as cce:/internal/x/cc.
debug: Resolve file:///Users/mason/Play1/assets/scripts/mouse.ts from cce:/internal/x/prerequisite-imports as file:///Users/mason/Play1/assets/scripts/mouse.ts.
debug: Resolve file:///Users/mason/Play1/assets/scripts/movement.ts from cce:/internal/x/prerequisite-imports as file:///Users/mason/Play1/assets/scripts/movement.ts.
debug: Target(preview) ends with cost 58.47154211997986ms.
debug: Dispatch build request for time accumulated 1 asset changes.
debug: Build iteration starts.
Number of accumulated asset changes: 1
Feature changed: false
debug: Target(editor) build started.
debug: Detected change: cce:/internal/x/prerequisite-imports. Last mtime: Thu Jan 01 1970 11:15:52 GMT+0700 (Indochina Time), Current mtime: Thu Jan 01 1970 11:20:49 GMT+0700 (Indochina Time)
debug: Inspect cce:/internal/x/prerequisite-imports
debug: Resolve file:///Users/mason/Play1/assets/scripts/Keyboard.ts from cce:/internal/x/prerequisite-imports as file:///Users/mason/Play1/assets/scripts/Keyboard.ts.
debug: Resolve file:///Users/mason/Play1/assets/scripts/Touchinput.ts from cce:/internal/x/prerequisite-imports as file:///Users/mason/Play1/assets/scripts/Touchinput.ts.
debug: Resolve file:///Users/mason/Play1/assets/scripts/buttonSwitch.ts from cce:/internal/x/prerequisite-imports as file:///Users/mason/Play1/assets/scripts/buttonSwitch.ts.
debug: Inspect file:///Users/mason/Play1/assets/scripts/buttonSwitch.ts
debug: Resolve cc from file:///Users/mason/Play1/assets/scripts/buttonSwitch.ts as cce:/internal/x/cc.
debug: Resolve file:///Users/mason/Play1/assets/scripts/changeScene.ts from cce:/internal/x/prerequisite-imports as file:///Users/mason/Play1/assets/scripts/changeScene.ts.
debug: Resolve file:///Users/mason/Play1/assets/scripts/mouse.ts from cce:/internal/x/prerequisite-imports as file:///Users/mason/Play1/assets/scripts/mouse.ts.
debug: Resolve file:///Users/mason/Play1/assets/scripts/movement.ts from cce:/internal/x/prerequisite-imports as file:///Users/mason/Play1/assets/scripts/movement.ts.
debug: Target(editor) ends with cost 58.46250009536743ms.
debug: Target(preview) build started.
debug: Detected change: cce:/internal/x/prerequisite-imports. Last mtime: Thu Jan 01 1970 11:15:52 GMT+0700 (Indochina Time), Current mtime: Thu Jan 01 1970 11:20:49 GMT+0700 (Indochina Time)
debug: Inspect cce:/internal/x/prerequisite-imports
debug: Resolve file:///Users/mason/Play1/assets/scripts/Keyboard.ts from cce:/internal/x/prerequisite-imports as file:///Users/mason/Play1/assets/scripts/Keyboard.ts.
debug: Resolve file:///Users/mason/Play1/assets/scripts/Touchinput.ts from cce:/internal/x/prerequisite-imports as file:///Users/mason/Play1/assets/scripts/Touchinput.ts.
debug: Resolve file:///Users/mason/Play1/assets/scripts/buttonSwitch.ts from cce:/internal/x/prerequisite-imports as file:///Users/mason/Play1/assets/scripts/buttonSwitch.ts.
debug: Inspect file:///Users/mason/Play1/assets/scripts/buttonSwitch.ts
debug: Resolve cc from file:///Users/mason/Play1/assets/scripts/buttonSwitch.ts as cce:/internal/x/cc.
debug: Resolve file:///Users/mason/Play1/assets/scripts/changeScene.ts from cce:/internal/x/prerequisite-imports as file:///Users/mason/Play1/assets/scripts/changeScene.ts.
debug: Resolve file:///Users/mason/Play1/assets/scripts/mouse.ts from cce:/internal/x/prerequisite-imports as file:///Users/mason/Play1/assets/scripts/mouse.ts.
debug: Resolve file:///Users/mason/Play1/assets/scripts/movement.ts from cce:/internal/x/prerequisite-imports as file:///Users/mason/Play1/assets/scripts/movement.ts.
debug: Target(preview) ends with cost 124.25454115867615ms.
debug: Dispatch build request for time accumulated 1 asset changes.
debug: Build iteration starts.
Number of accumulated asset changes: 1
Feature changed: false
debug: Target(editor) build started.
debug: Detected change: cce:/internal/x/prerequisite-imports. Last mtime: Thu Jan 01 1970 11:20:49 GMT+0700 (Indochina Time), Current mtime: Thu Jan 01 1970 11:23:56 GMT+0700 (Indochina Time)
debug: Inspect cce:/internal/x/prerequisite-imports
debug: Resolve file:///Users/mason/Play1/assets/scripts/Keyboard.ts from cce:/internal/x/prerequisite-imports as file:///Users/mason/Play1/assets/scripts/Keyboard.ts.
debug: Resolve file:///Users/mason/Play1/assets/scripts/PauseResume.ts from cce:/internal/x/prerequisite-imports as file:///Users/mason/Play1/assets/scripts/PauseResume.ts.
debug: Inspect file:///Users/mason/Play1/assets/scripts/PauseResume.ts
debug: Resolve cc from file:///Users/mason/Play1/assets/scripts/PauseResume.ts as cce:/internal/x/cc.
debug: Resolve file:///Users/mason/Play1/assets/scripts/Touchinput.ts from cce:/internal/x/prerequisite-imports as file:///Users/mason/Play1/assets/scripts/Touchinput.ts.
debug: Resolve file:///Users/mason/Play1/assets/scripts/buttonSwitch.ts from cce:/internal/x/prerequisite-imports as file:///Users/mason/Play1/assets/scripts/buttonSwitch.ts.
debug: Resolve file:///Users/mason/Play1/assets/scripts/changeScene.ts from cce:/internal/x/prerequisite-imports as file:///Users/mason/Play1/assets/scripts/changeScene.ts.
debug: Resolve file:///Users/mason/Play1/assets/scripts/mouse.ts from cce:/internal/x/prerequisite-imports as file:///Users/mason/Play1/assets/scripts/mouse.ts.
debug: Resolve file:///Users/mason/Play1/assets/scripts/movement.ts from cce:/internal/x/prerequisite-imports as file:///Users/mason/Play1/assets/scripts/movement.ts.
debug: Target(editor) ends with cost 48.70337510108948ms.
debug: Target(preview) build started.
debug: Detected change: cce:/internal/x/prerequisite-imports. Last mtime: Thu Jan 01 1970 11:20:49 GMT+0700 (Indochina Time), Current mtime: Thu Jan 01 1970 11:23:56 GMT+0700 (Indochina Time)
debug: Inspect cce:/internal/x/prerequisite-imports
debug: Resolve file:///Users/mason/Play1/assets/scripts/Keyboard.ts from cce:/internal/x/prerequisite-imports as file:///Users/mason/Play1/assets/scripts/Keyboard.ts.
debug: Resolve file:///Users/mason/Play1/assets/scripts/PauseResume.ts from cce:/internal/x/prerequisite-imports as file:///Users/mason/Play1/assets/scripts/PauseResume.ts.
debug: Inspect file:///Users/mason/Play1/assets/scripts/PauseResume.ts
debug: Resolve cc from file:///Users/mason/Play1/assets/scripts/PauseResume.ts as cce:/internal/x/cc.
debug: Resolve file:///Users/mason/Play1/assets/scripts/Touchinput.ts from cce:/internal/x/prerequisite-imports as file:///Users/mason/Play1/assets/scripts/Touchinput.ts.
debug: Resolve file:///Users/mason/Play1/assets/scripts/buttonSwitch.ts from cce:/internal/x/prerequisite-imports as file:///Users/mason/Play1/assets/scripts/buttonSwitch.ts.
debug: Resolve file:///Users/mason/Play1/assets/scripts/changeScene.ts from cce:/internal/x/prerequisite-imports as file:///Users/mason/Play1/assets/scripts/changeScene.ts.
debug: Resolve file:///Users/mason/Play1/assets/scripts/mouse.ts from cce:/internal/x/prerequisite-imports as file:///Users/mason/Play1/assets/scripts/mouse.ts.
debug: Resolve file:///Users/mason/Play1/assets/scripts/movement.ts from cce:/internal/x/prerequisite-imports as file:///Users/mason/Play1/assets/scripts/movement.ts.
debug: Target(preview) ends with cost 57.67270803451538ms.
